TN:
SF:src\App.jsx
FN:8,NavBar
FN:14,(anonymous_1)
FN:19,(anonymous_2)
FN:24,(anonymous_3)
FN:29,(anonymous_4)
FN:38,App
FNF:6
FNH:0
FNDA:0,NavBar
FNDA:0,(anonymous_1)
FNDA:0,(anonymous_2)
FNDA:0,(anonymous_3)
FNDA:0,(anonymous_4)
FNDA:0,App
DA:9,0
DA:14,0
DA:19,0
DA:24,0
DA:29,0
DA:39,0
LF:6
LH:0
BRDA:14,0,0,0
BRDA:14,0,1,0
BRDA:19,1,0,0
BRDA:19,1,1,0
BRDA:24,2,0,0
BRDA:24,2,1,0
BRDA:29,3,0,0
BRDA:29,3,1,0
BRF:8
BRH:0
end_of_record
TN:
SF:src\api.js
FN:8,(anonymous_0)
FN:9,(anonymous_1)
FN:11,(anonymous_2)
FN:12,(anonymous_3)
FN:13,(anonymous_4)
FN:14,(anonymous_5)
FN:16,(anonymous_6)
FN:18,(anonymous_7)
FNF:8
FNH:0
FNDA:0,(anonymous_0)
FNDA:0,(anonymous_1)
FNDA:0,(anonymous_2)
FNDA:0,(anonymous_3)
FNDA:0,(anonymous_4)
FNDA:0,(anonymous_5)
FNDA:0,(anonymous_6)
FNDA:0,(anonymous_7)
DA:3,0
DA:8,0
DA:9,0
DA:11,0
DA:12,0
DA:13,0
DA:14,0
DA:16,0
DA:18,0
LF:9
LH:0
BRDA:12,0,0,0
BRDA:16,1,0,0
BRF:2
BRH:0
end_of_record
TN:
SF:src\components\AuditLog.jsx
FN:20,estadoBadge
FN:22,fmt
FN:32,AuditLog
FN:39,(anonymous_3)
FN:40,(anonymous_4)
FN:40,(anonymous_5)
FN:43,(anonymous_6)
FN:62,(anonymous_7)
FN:64,(anonymous_8)
FN:70,(anonymous_9)
FN:97,(anonymous_10)
FN:107,(anonymous_11)
FN:117,(anonymous_12)
FN:164,(anonymous_13)
FNF:14
FNH:0
FNDA:0,estadoBadge
FNDA:0,fmt
FNDA:0,AuditLog
FNDA:0,(anonymous_3)
FNDA:0,(anonymous_4)
FNDA:0,(anonymous_5)
FNDA:0,(anonymous_6)
FNDA:0,(anonymous_7)
FNDA:0,(anonymous_8)
FNDA:0,(anonymous_9)
FNDA:0,(anonymous_10)
FNDA:0,(anonymous_11)
FNDA:0,(anonymous_12)
FNDA:0,(anonymous_13)
DA:4,0
DA:6,0
DA:8,0
DA:14,0
DA:20,0
DA:23,0
DA:24,0
DA:30,0
DA:33,0
DA:34,0
DA:35,0
DA:36,0
DA:37,0
DA:39,0
DA:40,0
DA:43,0
DA:44,0
DA:45,0
DA:46,0
DA:47,0
DA:48,0
DA:49,0
DA:50,0
DA:51,0
DA:52,0
DA:53,0
DA:54,0
DA:56,0
DA:58,0
DA:62,0
DA:64,0
DA:65,0
DA:66,0
DA:67,0
DA:70,0
DA:71,0
DA:72,0
DA:75,0
DA:98,0
DA:108,0
DA:118,0
DA:165,0
LF:42
LH:0
BRDA:20,0,0,0
BRDA:20,0,1,0
BRDA:23,1,0,0
BRDA:23,1,1,0
BRDA:48,2,0,0
BRDA:48,2,1,0
BRDA:49,3,0,0
BRDA:49,3,1,0
BRDA:50,4,0,0
BRDA:50,4,1,0
BRDA:51,5,0,0
BRDA:51,5,1,0
BRDA:52,6,0,0
BRDA:52,6,1,0
BRDA:56,7,0,0
BRDA:56,7,1,0
BRDA:141,8,0,0
BRDA:141,8,1,0
BRDA:143,9,0,0
BRDA:143,9,1,0
BRDA:145,10,0,0
BRDA:145,10,1,0
BRDA:167,11,0,0
BRDA:167,11,1,0
BRDA:171,12,0,0
BRDA:171,12,1,0
BRDA:172,13,0,0
BRDA:172,13,1,0
BRDA:176,14,0,0
BRDA:176,14,1,0
BRDA:184,15,0,0
BRDA:184,15,1,0
BRDA:184,15,2,0
BRDA:185,16,0,0
BRDA:185,16,1,0
BRDA:191,17,0,0
BRDA:191,17,1,0
BRDA:191,18,0,0
BRDA:191,18,1,0
BRF:39
BRH:0
end_of_record
TN:
SF:src\components\Inbox.jsx
FN:32,estadoBadge
FN:33,nextEstado
FN:36,StaleRiskBadge
FN:61,Inbox
FN:78,(anonymous_4)
FN:79,(anonymous_5)
FN:79,(anonymous_6)
FN:82,(anonymous_7)
FN:99,(anonymous_8)
FN:101,handleFilterChange
FN:103,(anonymous_10)
FN:106,clearFilters
FN:111,openTransition
FN:117,closeTransition
FN:123,confirmTransition
FN:151,openHistory
FN:164,closeHistory
FN:176,(anonymous_17)
FN:232,(anonymous_18)
FN:263,(anonymous_19)
FN:271,(anonymous_20)
FN:288,(anonymous_21)
FN:317,(anonymous_22)
FN:344,(anonymous_23)
FN:370,(anonymous_24)
FNF:25
FNH:16
FNDA:59,estadoBadge
FNDA:67,nextEstado
FNDA:2,StaleRiskBadge
FNDA:45,Inbox
FNDA:13,(anonymous_4)
FNDA:13,(anonymous_5)
FNDA:0,(anonymous_6)
FNDA:14,(anonymous_7)
FNDA:13,(anonymous_8)
FNDA:0,handleFilterChange
FNDA:0,(anonymous_10)
FNDA:0,clearFilters
FNDA:3,openTransition
FNDA:1,closeTransition
FNDA:2,confirmTransition
FNDA:0,openHistory
FNDA:0,closeHistory
FNDA:38,(anonymous_17)
FNDA:47,(anonymous_18)
FNDA:3,(anonymous_19)
FNDA:0,(anonymous_20)
FNDA:2,(anonymous_21)
FNDA:1,(anonymous_22)
FNDA:0,(anonymous_23)
FNDA:0,(anonymous_24)
DA:10,1
DA:11,1
DA:12,1
DA:14,1
DA:20,1
DA:26,1
DA:32,59
DA:33,67
DA:37,2
DA:62,45
DA:63,45
DA:64,45
DA:65,45
DA:66,45
DA:69,45
DA:70,45
DA:71,45
DA:72,45
DA:75,45
DA:76,45
DA:78,45
DA:79,13
DA:82,45
DA:83,14
DA:84,14
DA:85,14
DA:86,14
DA:87,14
DA:88,14
DA:89,14
DA:90,14
DA:91,13
DA:93,1
DA:95,14
DA:99,45
DA:102,0
DA:103,0
DA:107,0
DA:112,3
DA:113,3
DA:114,3
DA:118,1
DA:119,1
DA:120,1
DA:124,2
DA:125,2
DA:126,2
DA:127,2
DA:129,2
DA:130,1
DA:131,1
DA:134,1
DA:135,1
DA:136,1
DA:137,1
DA:141,1
DA:142,1
DA:144,0
DA:146,1
DA:152,0
DA:153,0
DA:154,0
DA:155,0
DA:156,0
DA:158,0
DA:160,0
DA:164,0
DA:166,45
DA:177,38
DA:233,47
DA:234,47
DA:235,47
DA:263,3
DA:271,0
DA:288,2
DA:317,1
DA:344,0
DA:371,0
LF:78
LH:63
BRDA:32,0,0,59
BRDA:32,0,1,0
BRDA:33,1,0,67
BRDA:33,1,1,15
BRDA:87,2,0,0
BRDA:87,2,1,14
BRDA:88,3,0,0
BRDA:88,3,1,14
BRDA:89,4,0,0
BRDA:89,4,1,14
BRDA:113,5,0,3
BRDA:113,5,1,3
BRDA:124,6,0,0
BRDA:124,6,1,2
BRDA:127,7,0,0
BRDA:127,7,1,2
BRDA:129,8,0,1
BRDA:129,8,1,1
BRDA:129,9,0,2
BRDA:129,9,1,2
BRDA:139,10,0,1
BRDA:139,10,1,0
BRDA:144,11,0,0
BRDA:144,11,1,0
BRDA:144,11,2,0
BRDA:208,12,0,45
BRDA:208,12,1,13
BRDA:209,13,0,45
BRDA:209,13,1,1
BRDA:210,14,0,45
BRDA:210,14,1,32
BRDA:210,14,2,31
BRDA:210,14,3,14
BRDA:215,15,0,45
BRDA:215,15,1,32
BRDA:215,15,2,17
BRDA:234,16,0,47
BRDA:234,16,1,46
BRDA:238,17,0,2
BRDA:238,17,1,45
BRDA:242,18,0,47
BRDA:242,18,1,2
BRDA:247,19,0,47
BRDA:247,19,1,0
BRDA:258,20,0,47
BRDA:258,20,1,17
BRDA:260,21,0,47
BRDA:260,21,1,32
BRDA:266,22,0,17
BRDA:266,22,1,15
BRDA:286,23,0,45
BRDA:286,23,1,6
BRDA:308,24,0,6
BRDA:308,24,1,6
BRDA:319,25,0,1
BRDA:319,25,1,5
BRDA:325,26,0,6
BRDA:325,26,1,1
BRDA:334,27,0,1
BRDA:334,27,1,5
BRDA:342,28,0,45
BRDA:342,28,1,0
BRDA:350,29,0,0
BRDA:350,29,1,0
BRDA:351,30,0,0
BRDA:351,30,1,0
BRDA:354,31,0,0
BRDA:354,31,1,0
BRDA:354,31,2,0
BRDA:354,31,3,0
BRDA:357,32,0,0
BRDA:357,32,1,0
BRDA:357,32,2,0
BRDA:376,33,0,0
BRDA:376,33,1,0
BRDA:386,34,0,0
BRDA:386,34,1,0
BRDA:387,35,0,0
BRDA:387,35,1,0
BRF:79
BRH:50
end_of_record
TN:
SF:src\components\MetricsDashboard.jsx
FN:18,KpiCard
FN:54,SectionTitle
FN:71,MetricsDashboard
FN:77,(anonymous_3)
FN:91,(anonymous_4)
FN:94,(anonymous_5)
FN:98,(anonymous_6)
FN:99,(anonymous_7)
FN:108,(anonymous_8)
FN:128,(anonymous_9)
FN:144,(anonymous_10)
FN:162,(anonymous_11)
FNF:12
FNH:12
FNDA:150,KpiCard
FNDA:50,SectionTitle
FNDA:25,MetricsDashboard
FNDA:13,(anonymous_3)
FNDA:12,(anonymous_4)
FNDA:12,(anonymous_5)
FNDA:36,(anonymous_6)
FNDA:36,(anonymous_7)
FNDA:1,(anonymous_8)
FNDA:75,(anonymous_9)
FNDA:75,(anonymous_10)
FNDA:36,(anonymous_11)
DA:4,1
DA:6,1
DA:12,1
DA:19,150
DA:55,50
DA:72,25
DA:73,25
DA:74,25
DA:75,25
DA:77,25
DA:78,13
DA:79,13
DA:80,12
DA:81,12
DA:82,12
DA:84,1
DA:86,13
DA:91,25
DA:92,12
DA:93,12
DA:94,12
DA:98,36
DA:99,36
DA:101,25
DA:108,1
DA:129,75
DA:145,75
DA:162,36
LF:28
LH:28
BRDA:39,0,0,78
BRDA:39,0,1,72
BRDA:45,1,0,78
BRDA:45,1,1,72
BRDA:84,2,0,1
BRDA:84,2,1,1
BRDA:84,2,2,1
BRDA:98,3,0,25
BRDA:98,3,1,13
BRDA:99,4,0,25
BRDA:99,4,1,13
BRDA:115,5,0,25
BRDA:115,5,1,12
BRDA:121,6,0,25
BRDA:121,6,1,1
BRDA:133,7,0,75
BRDA:133,7,1,39
BRDA:149,8,0,75
BRDA:149,8,1,39
BRDA:158,9,0,25
BRDA:158,9,1,12
BRDA:162,10,0,12
BRDA:162,10,1,0
BRF:23
BRH:22
end_of_record
TN:
SF:src\components\RequestForm.jsx
FN:16,validate
FN:32,RequestForm
FN:41,(anonymous_2)
FN:42,(anonymous_3)
FN:42,(anonymous_4)
FN:43,(anonymous_5)
FN:43,(anonymous_6)
FN:46,handleChange
FN:48,(anonymous_8)
FN:49,(anonymous_9)
FN:53,handleSubmit
FN:89,handleReset
FN:137,(anonymous_12)
FN:160,(anonymous_13)
FN:260,(anonymous_14)
FNF:15
FNH:13
FNDA:7,validate
FNDA:59,RequestForm
FNDA:9,(anonymous_2)
FNDA:9,(anonymous_3)
FNDA:0,(anonymous_4)
FNDA:9,(anonymous_5)
FNDA:0,(anonymous_6)
FNDA:30,handleChange
FNDA:30,(anonymous_8)
FNDA:30,(anonymous_9)
FNDA:7,handleSubmit
FNDA:1,handleReset
FNDA:90,(anonymous_12)
FNDA:168,(anonymous_13)
FNDA:90,(anonymous_14)
DA:4,1
DA:6,1
DA:17,7
DA:18,7
DA:19,7
DA:20,7
DA:21,7
DA:22,7
DA:23,7
DA:24,2
DA:25,5
DA:26,1
DA:28,7
DA:29,7
DA:33,59
DA:34,59
DA:35,59
DA:36,59
DA:37,59
DA:38,59
DA:39,59
DA:41,59
DA:42,9
DA:43,9
DA:47,30
DA:48,30
DA:49,30
DA:50,30
DA:54,7
DA:55,7
DA:56,7
DA:57,3
DA:58,3
DA:60,4
DA:61,4
DA:62,4
DA:63,4
DA:72,3
DA:73,7
DA:74,7
DA:77,1
DA:80,1
DA:82,1
DA:83,1
DA:85,4
DA:90,1
DA:91,1
DA:92,1
DA:93,1
DA:96,59
DA:97,3
DA:115,56
DA:138,90
DA:161,168
DA:261,90
LF:55
LH:55
BRDA:18,0,0,2
BRDA:18,0,1,5
BRDA:19,1,0,0
BRDA:19,1,1,7
BRDA:20,2,0,2
BRDA:20,2,1,5
BRDA:21,3,0,2
BRDA:21,3,1,5
BRDA:22,4,0,2
BRDA:22,4,1,5
BRDA:23,5,0,2
BRDA:23,5,1,5
BRDA:25,6,0,1
BRDA:25,6,1,4
BRDA:28,7,0,2
BRDA:28,7,1,5
BRDA:56,8,0,3
BRDA:56,8,1,4
BRDA:72,9,0,3
BRDA:72,9,1,0
BRDA:72,9,2,0
BRDA:77,10,0,1
BRDA:77,10,1,0
BRDA:77,10,2,0
BRDA:83,11,0,0
BRDA:83,11,1,1
BRDA:96,12,0,3
BRDA:96,12,1,56
BRDA:120,13,0,56
BRDA:120,13,1,1
BRDA:134,14,0,4
BRDA:134,14,1,52
BRDA:143,15,0,59
BRDA:143,15,1,4
BRDA:158,16,0,0
BRDA:158,16,1,56
BRDA:166,17,0,59
BRDA:166,17,1,0
BRDA:183,18,0,4
BRDA:183,18,1,52
BRDA:185,19,0,59
BRDA:185,19,1,4
BRDA:202,20,0,4
BRDA:202,20,1,52
BRDA:204,21,0,59
BRDA:204,21,1,4
BRDA:221,22,0,4
BRDA:221,22,1,52
BRDA:223,23,0,59
BRDA:223,23,1,4
BRDA:240,24,0,5
BRDA:240,24,1,51
BRDA:242,25,0,59
BRDA:242,25,1,5
BRDA:257,26,0,4
BRDA:257,26,1,52
BRDA:266,27,0,59
BRDA:266,27,1,4
BRDA:278,28,0,4
BRDA:278,28,1,52
BRF:60
BRH:52
end_of_record
