TN:
SF:src\controllers\initiatives.controller.js
FN:10,(anonymous_0)
FN:31,(anonymous_1)
FN:76,(anonymous_2)
FN:104,(anonymous_3)
FNF:4
FNH:4
FNDA:11,(anonymous_0)
FNDA:20,(anonymous_1)
FNDA:16,(anonymous_2)
FNDA:19,(anonymous_3)
DA:1,2
DA:7,2
DA:10,2
DA:11,11
DA:12,11
DA:13,11
DA:14,11
DA:17,11
DA:18,5
DA:20,6
DA:23,9
DA:25,2
DA:26,2
DA:31,2
DA:32,20
DA:33,20
DA:35,20
DA:36,10
DA:42,10
DA:43,10
DA:45,10
DA:46,2
DA:52,8
DA:53,2
DA:59,6
DA:68,4
DA:70,2
DA:71,2
DA:76,2
DA:77,16
DA:78,16
DA:79,16
DA:81,16
DA:83,16
DA:84,4
DA:90,12
DA:92,10
DA:93,2
DA:96,8
DA:98,2
DA:99,2
DA:104,2
DA:105,19
DA:106,19
DA:107,19
DA:109,19
DA:112,19
DA:113,19
DA:114,19
DA:116,19
DA:117,10
DA:118,2
DA:120,8
DA:121,8
DA:124,17
DA:125,5
DA:126,1
DA:128,4
DA:129,4
DA:132,16
DA:133,6
DA:134,2
DA:139,4
DA:140,4
DA:143,14
DA:144,2
DA:151,12
DA:152,12
DA:154,12
DA:161,12
DA:163,10
DA:164,2
DA:167,8
DA:169,2
DA:170,2
DA:174,2
LF:76
LH:76
BRDA:13,0,0,11
BRDA:13,0,1,8
BRDA:14,1,0,11
BRDA:14,1,1,8
BRDA:17,2,0,5
BRDA:17,2,1,6
BRDA:17,3,0,11
BRDA:17,3,1,8
BRDA:35,4,0,10
BRDA:35,4,1,10
BRDA:35,5,0,20
BRDA:35,5,1,18
BRDA:35,5,2,16
BRDA:35,5,3,14
BRDA:35,5,4,12
BRDA:45,6,0,2
BRDA:45,6,1,8
BRDA:52,7,0,2
BRDA:52,7,1,6
BRDA:65,8,0,6
BRDA:65,8,1,2
BRDA:83,9,0,4
BRDA:83,9,1,12
BRDA:83,10,0,16
BRDA:83,10,1,14
BRDA:92,11,0,2
BRDA:92,11,1,8
BRDA:116,12,0,10
BRDA:116,12,1,9
BRDA:117,13,0,2
BRDA:117,13,1,8
BRDA:124,14,0,5
BRDA:124,14,1,12
BRDA:125,15,0,1
BRDA:125,15,1,4
BRDA:132,16,0,6
BRDA:132,16,1,10
BRDA:133,17,0,2
BRDA:133,17,1,4
BRDA:143,18,0,2
BRDA:143,18,1,12
BRDA:163,19,0,2
BRDA:163,19,1,8
BRF:43
BRH:43
end_of_record
TN:
SF:src\queries\initiatives.queries.js
FNF:0
FNH:0
DA:1,2
DA:16,2
DA:34,2
DA:40,2
DA:49,2
DA:56,2
LF:6
LH:6
BRF:0
BRH:0
end_of_record
TN:
SF:src\routes\initiatives.routes.js
FNF:0
FNH:0
DA:1,1
DA:7,1
DA:9,1
DA:12,1
DA:15,1
DA:18,1
DA:21,1
DA:23,1
LF:8
LH:8
BRF:0
BRH:0
end_of_record
