TN:
SF:src\routes\areas.js
FN:6,(anonymous_0)
FNF:1
FNH:1
FNDA:3,(anonymous_0)
DA:1,1
DA:2,1
DA:3,1
DA:6,1
DA:7,3
DA:8,3
DA:11,2
DA:13,1
DA:17,1
LF:9
LH:9
BRF:0
BRH:0
end_of_record
TN:
SF:src\routes\historial.js
FN:6,(anonymous_0)
FNF:1
FNH:1
FNDA:8,(anonymous_0)
DA:1,1
DA:2,1
DA:3,1
DA:6,1
DA:7,8
DA:8,8
DA:10,8
DA:11,8
DA:13,8
DA:14,1
DA:15,1
DA:17,8
DA:18,2
DA:19,2
DA:21,8
DA:22,2
DA:23,2
DA:25,8
DA:26,2
DA:27,2
DA:29,8
DA:30,1
DA:31,1
DA:34,8
DA:36,8
DA:60,7
DA:62,1
DA:66,1
LF:28
LH:28
BRDA:13,0,0,1
BRDA:13,0,1,7
BRDA:17,1,0,2
BRDA:17,1,1,6
BRDA:21,2,0,2
BRDA:21,2,1,6
BRDA:25,3,0,2
BRDA:25,3,1,6
BRDA:29,4,0,1
BRDA:29,4,1,7
BRDA:34,5,0,6
BRDA:34,5,1,2
BRF:12
BRH:12
end_of_record
TN:
SF:src\routes\metrics.js
FN:7,(anonymous_0)
FN:28,(anonymous_1)
FN:29,(anonymous_2)
FN:32,(anonymous_3)
FN:33,(anonymous_4)
FNF:5
FNH:5
FNDA:6,(anonymous_0)
FNDA:4,(anonymous_1)
FNDA:4,(anonymous_2)
FNDA:15,(anonymous_3)
FNDA:15,(anonymous_4)
DA:1,1
DA:2,1
DA:3,1
DA:7,1
DA:8,6
DA:9,6
DA:25,5
DA:26,5
DA:28,5
DA:29,5
DA:31,5
DA:32,15
DA:33,15
DA:36,1
DA:40,1
LF:15
LH:15
BRDA:32,0,0,15
BRDA:32,0,1,11
BRDA:33,1,0,15
BRDA:33,1,1,11
BRF:4
BRH:4
end_of_record
TN:
SF:src\routes\solicitudes.js
FN:17,validateSolicitud
FN:35,generateTicket
FN:50,(anonymous_2)
FN:107,(anonymous_3)
FN:164,(anonymous_4)
FN:241,(anonymous_5)
FNF:6
FNH:4
FNDA:4,validateSolicitud
FNDA:1,generateTicket
FNDA:4,(anonymous_2)
FNDA:0,(anonymous_3)
FNDA:5,(anonymous_4)
FNDA:0,(anonymous_5)
DA:1,1
DA:2,1
DA:3,1
DA:7,1
DA:8,1
DA:11,1
DA:12,1
DA:18,4
DA:19,4
DA:20,4
DA:21,4
DA:22,4
DA:23,4
DA:24,1
DA:25,3
DA:26,1
DA:28,4
DA:29,4
DA:30,1
DA:32,4
DA:36,1
DA:37,1
DA:38,1
DA:39,1
DA:41,1
DA:45,1
DA:46,1
DA:50,1
DA:51,4
DA:52,4
DA:53,4
DA:55,4
DA:56,4
DA:57,3
DA:60,1
DA:61,1
DA:62,1
DA:64,1
DA:66,1
DA:84,1
DA:86,1
DA:93,1
DA:94,1
DA:96,0
DA:97,0
DA:99,1
DA:102,0
DA:107,1
DA:108,0
DA:109,0
DA:111,0
DA:112,0
DA:114,0
DA:115,0
DA:116,0
DA:118,0
DA:119,0
DA:120,0
DA:122,0
DA:123,0
DA:124,0
DA:127,0
DA:129,0
DA:157,0
DA:159,0
DA:164,1
DA:165,5
DA:166,5
DA:167,5
DA:169,5
DA:173,5
DA:174,1
DA:177,4
DA:178,4
DA:180,4
DA:181,1
DA:186,3
DA:187,1
DA:192,2
DA:193,2
DA:194,2
DA:196,2
DA:197,2
DA:199,2
DA:200,1
DA:201,1
DA:204,2
DA:205,1
DA:208,2
DA:209,2
DA:214,2
DA:227,2
DA:228,2
DA:230,0
DA:231,0
DA:233,2
DA:236,0
DA:241,1
DA:242,0
DA:243,0
DA:245,0
DA:249,0
DA:250,0
DA:253,0
DA:270,0
DA:272,0
DA:276,1
LF:107
LH:76
BRDA:19,0,0,1
BRDA:19,0,1,3
BRDA:20,1,0,1
BRDA:20,1,1,3
BRDA:20,2,0,4
BRDA:20,2,1,3
BRDA:21,3,0,1
BRDA:21,3,1,3
BRDA:21,4,0,4
BRDA:21,4,1,3
BRDA:22,5,0,1
BRDA:22,5,1,3
BRDA:22,6,0,4
BRDA:22,6,1,3
BRDA:23,7,0,1
BRDA:23,7,1,3
BRDA:23,8,0,4
BRDA:23,8,1,3
BRDA:25,9,0,1
BRDA:25,9,1,2
BRDA:28,10,0,1
BRDA:28,10,1,3
BRDA:29,11,0,1
BRDA:29,11,1,3
BRDA:29,12,0,4
BRDA:29,12,1,4
BRDA:32,13,0,3
BRDA:32,13,1,1
BRDA:53,14,0,2
BRDA:53,14,1,2
BRDA:56,15,0,3
BRDA:56,15,1,1
BRDA:114,16,0,0
BRDA:114,16,1,0
BRDA:118,17,0,0
BRDA:118,17,1,0
BRDA:122,18,0,0
BRDA:122,18,1,0
BRDA:127,19,0,0
BRDA:127,19,1,0
BRDA:173,20,0,1
BRDA:173,20,1,4
BRDA:180,21,0,1
BRDA:180,21,1,3
BRDA:186,22,0,1
BRDA:186,22,1,2
BRDA:186,23,0,3
BRDA:186,23,1,2
BRDA:186,23,2,1
BRDA:199,24,0,1
BRDA:199,24,1,1
BRDA:204,25,0,1
BRDA:204,25,1,1
BRDA:222,26,0,2
BRDA:222,26,1,0
BRDA:223,27,0,2
BRDA:223,27,1,2
BRDA:249,28,0,0
BRDA:249,28,1,0
BRF:59
BRH:48
end_of_record
TN:
SF:src\routes\tipos.js
FN:6,(anonymous_0)
FNF:1
FNH:1
FNDA:3,(anonymous_0)
DA:1,1
DA:2,1
DA:3,1
DA:6,1
DA:7,3
DA:8,3
DA:11,2
DA:13,1
DA:17,1
LF:9
LH:9
BRF:0
BRH:0
end_of_record
